2020-04-15 00:48:23,914 INFO  [org.jboss.modules] (main) JBoss Modules version 1.10.0.Final
2020-04-15 00:48:25,126 INFO  [org.jboss.msc] (main) JBoss MSC version 1.4.11.Final
2020-04-15 00:48:25,153 INFO  [org.jboss.threads] (main) JBoss Threads version 2.3.3.Final
2020-04-15 00:48:25,478 INFO  [org.jboss.as] (MSC service thread 1-3) WFLYSRV0049: WildFly Full 19.0.0.Final (WildFly Core 11.0.0.Final) starting
2020-04-15 00:48:25,485 DEBUG [org.jboss.as.config] (MSC service thread 1-3) Configured system properties:
	[Standalone] = 
	awt.toolkit = sun.awt.X11.XToolkit
	file.encoding = UTF-8
	file.encoding.pkg = sun.io
	file.separator = /
	java.awt.graphicsenv = sun.awt.X11GraphicsEnvironment
	java.awt.headless = true
	java.awt.printerjob = sun.print.PSPrinterJob
	java.class.path = /home/junior/intellij-workspace/musicas-ap1/target/wildfly-19.0.0.Final/jboss-modules.jar
	java.class.version = 52.0
	java.endorsed.dirs = /usr/lib/jvm/java-8-openjdk-amd64/jre/lib/endorsed
	java.ext.dirs = /usr/lib/jvm/java-8-openjdk-amd64/jre/lib/ext:/usr/java/packages/lib/ext
	java.home = /usr/lib/jvm/java-8-openjdk-amd64/jre
	java.io.tmpdir = /tmp
	java.library.path = /usr/java/packages/lib/amd64:/usr/lib/x86_64-linux-gnu/jni:/lib/x86_64-linux-gnu:/usr/lib/x86_64-linux-gnu:/usr/lib/jni:/lib:/usr/lib
	java.net.preferIPv4Stack = true
	java.runtime.name = OpenJDK Runtime Environment
	java.runtime.version = 1.8.0_242-8u242-b08-0ubuntu3~18.04-b08
	java.specification.name = Java Platform API Specification
	java.specification.vendor = Oracle Corporation
	java.specification.version = 1.8
	java.util.logging.manager = org.jboss.logmanager.LogManager
	java.vendor = Private Build
	java.vendor.url = http://java.oracle.com/
	java.vendor.url.bug = http://bugreport.sun.com/bugreport/
	java.version = 1.8.0_242
	java.vm.info = mixed mode
	java.vm.name = OpenJDK 64-Bit Server VM
	java.vm.specification.name = Java Virtual Machine Specification
	java.vm.specification.vendor = Oracle Corporation
	java.vm.specification.version = 1.8
	java.vm.vendor = Private Build
	java.vm.version = 25.242-b08
	javax.management.builder.initial = org.jboss.as.jmx.PluggableMBeanServerBuilder
	jboss.home.dir = /home/junior/intellij-workspace/musicas-ap1/target/wildfly-19.0.0.Final
	jboss.host.name = acer-e511
	jboss.modules.dir = /home/junior/intellij-workspace/musicas-ap1/target/wildfly-19.0.0.Final/modules
	jboss.modules.system.pkgs = org.jboss.byteman
	jboss.node.name = acer-e511
	jboss.qualified.host.name = acer-e511
	jboss.server.base.dir = /home/junior/intellij-workspace/musicas-ap1/target/wildfly-19.0.0.Final/standalone
	jboss.server.config.dir = /home/junior/intellij-workspace/musicas-ap1/target/wildfly-19.0.0.Final/standalone/configuration
	jboss.server.data.dir = /home/junior/intellij-workspace/musicas-ap1/target/wildfly-19.0.0.Final/standalone/data
	jboss.server.deploy.dir = /home/junior/intellij-workspace/musicas-ap1/target/wildfly-19.0.0.Final/standalone/data/content
	jboss.server.log.dir = /home/junior/intellij-workspace/musicas-ap1/target/wildfly-19.0.0.Final/standalone/log
	jboss.server.name = acer-e511
	jboss.server.persist.config = true
	jboss.server.temp.dir = /home/junior/intellij-workspace/musicas-ap1/target/wildfly-19.0.0.Final/standalone/tmp
	line.separator = 

	logging.configuration = file:/home/junior/intellij-workspace/musicas-ap1/target/wildfly-19.0.0.Final/standalone/configuration/logging.properties
	module.path = /home/junior/intellij-workspace/musicas-ap1/target/wildfly-19.0.0.Final/modules
	org.jboss.boot.log.file = /home/junior/intellij-workspace/musicas-ap1/target/wildfly-19.0.0.Final/standalone/log/server.log
	org.jboss.resolver.warning = true
	os.arch = amd64
	os.name = Linux
	os.version = 5.3.0-46-generic
	path.separator = :
	sun.arch.data.model = 64
	sun.boot.class.path = /usr/lib/jvm/java-8-openjdk-amd64/jre/lib/resources.jar:/usr/lib/jvm/java-8-openjdk-amd64/jre/lib/rt.jar:/usr/lib/jvm/java-8-openjdk-amd64/jre/lib/sunrsasign.jar:/usr/lib/jvm/java-8-openjdk-amd64/jre/lib/jsse.jar:/usr/lib/jvm/java-8-openjdk-amd64/jre/lib/jce.jar:/usr/lib/jvm/java-8-openjdk-amd64/jre/lib/charsets.jar:/usr/lib/jvm/java-8-openjdk-amd64/jre/lib/jfr.jar:/usr/lib/jvm/java-8-openjdk-amd64/jre/classes
	sun.boot.library.path = /usr/lib/jvm/java-8-openjdk-amd64/jre/lib/amd64
	sun.cpu.endian = little
	sun.cpu.isalist = 
	sun.desktop = gnome
	sun.io.unicode.encoding = UnicodeLittle
	sun.java.command = /home/junior/intellij-workspace/musicas-ap1/target/wildfly-19.0.0.Final/jboss-modules.jar -mp /home/junior/intellij-workspace/musicas-ap1/target/wildfly-19.0.0.Final/modules org.jboss.as.standalone -Djboss.home.dir=/home/junior/intellij-workspace/musicas-ap1/target/wildfly-19.0.0.Final -Djboss.server.base.dir=/home/junior/intellij-workspace/musicas-ap1/target/wildfly-19.0.0.Final/standalone -Djboss.server.log.dir=/home/junior/intellij-workspace/musicas-ap1/target/wildfly-19.0.0.Final/standalone/log -Djboss.server.config.dir=/home/junior/intellij-workspace/musicas-ap1/target/wildfly-19.0.0.Final/standalone/configuration
	sun.java.launcher = SUN_STANDARD
	sun.jnu.encoding = UTF-8
	sun.management.compiler = HotSpot 64-Bit Tiered Compilers
	sun.os.patch.level = unknown
	user.country = BR
	user.dir = /home/junior/intellij-workspace/musicas-ap1
	user.home = /home/junior
	user.language = pt
	user.name = junior
	user.timezone = America/Fortaleza
2020-04-15 00:48:25,487 DEBUG [org.jboss.as.config] (MSC service thread 1-3) VM Arguments: -D[Standalone] -Xms64m -Xmx512m -Djava.net.preferIPv4Stack=true -Djava.awt.headless=true -Djboss.modules.system.pkgs=org.jboss.byteman -Dorg.jboss.boot.log.file=/home/junior/intellij-workspace/musicas-ap1/target/wildfly-19.0.0.Final/standalone/log/server.log -Dlogging.configuration=file:/home/junior/intellij-workspace/musicas-ap1/target/wildfly-19.0.0.Final/standalone/configuration/logging.properties 
2020-04-15 00:48:27,843 INFO  [org.wildfly.security] (ServerService Thread Pool -- 27) ELY00001: WildFly Elytron version 1.11.2.Final
2020-04-15 00:48:29,743 INFO  [org.jboss.as.controller.management-deprecated] (Controller Boot Thread) WFLYCTL0028: Attribute 'security-realm' in the resource at address '/core-service=management/management-interface=http-interface' is deprecated, and may be removed in a future version. See the attribute description in the output of the read-resource-description operation to learn more about the deprecation.
2020-04-15 00:48:29,886 INFO  [org.jboss.as.controller.management-deprecated] (ServerService Thread Pool -- 30) WFLYCTL0028: Attribute 'security-realm' in the resource at address '/subsystem=undertow/server=default-server/https-listener=https' is deprecated, and may be removed in a future version. See the attribute description in the output of the read-resource-description operation to learn more about the deprecation.
2020-04-15 00:48:30,164 INFO  [org.jboss.as.server] (Controller Boot Thread) WFLYSRV0039: Creating http management service using socket-binding (management-http)
2020-04-15 00:48:30,234 INFO  [org.xnio] (MSC service thread 1-1) XNIO version 3.7.7.Final
2020-04-15 00:48:30,291 INFO  [org.xnio.nio] (MSC service thread 1-1) XNIO NIO Implementation Version 3.7.7.Final
2020-04-15 00:48:30,530 INFO  [org.jboss.as.clustering.infinispan] (ServerService Thread Pool -- 52) WFLYCLINF0001: Activating Infinispan subsystem.
2020-04-15 00:48:30,622 INFO  [org.jboss.as.naming] (ServerService Thread Pool -- 66) WFLYNAM0001: Activating Naming Subsystem
2020-04-15 00:48:30,631 INFO  [org.wildfly.extension.microprofile.metrics.smallrye] (ServerService Thread Pool -- 64) WFLYMETRICS0001: Activating Eclipse MicroProfile Metrics Subsystem
2020-04-15 00:48:30,634 INFO  [org.jboss.as.security] (ServerService Thread Pool -- 72) WFLYSEC0002: Activating Security Subsystem
2020-04-15 00:48:30,561 INFO  [org.jboss.as.jaxrs] (ServerService Thread Pool -- 54) WFLYRS0016: RESTEasy version 3.11.0.Final
2020-04-15 00:48:30,663 WARN  [org.jboss.as.txn] (ServerService Thread Pool -- 74) WFLYTX0013: The node-identifier attribute on the /subsystem=transactions is set to the default value. This is a danger for environments running multiple servers. Please make sure the attribute value is unique.
2020-04-15 00:48:30,692 INFO  [org.wildfly.extension.microprofile.opentracing] (ServerService Thread Pool -- 65) WFLYTRACEXT0001: Activating MicroProfile OpenTracing Subsystem
2020-04-15 00:48:30,711 INFO  [org.jboss.as.jsf] (ServerService Thread Pool -- 59) WFLYJSF0007: Activated the following JSF Implementations: [main]
2020-04-15 00:48:30,727 INFO  [org.jboss.as.connector] (MSC service thread 1-2) WFLYJCA0009: Starting JCA Subsystem (WildFly/IronJacamar 1.4.20.Final)
2020-04-15 00:48:30,782 INFO  [org.wildfly.extension.io] (ServerService Thread Pool -- 53) WFLYIO001: Worker 'default' has auto-configured to 8 IO threads with 64 max task threads based on your 4 available processors
2020-04-15 00:48:30,790 INFO  [org.wildfly.extension.microprofile.config.smallrye._private] (ServerService Thread Pool -- 61) WFLYCONF0001: Activating WildFly MicroProfile Config Subsystem
2020-04-15 00:48:30,795 INFO  [org.wildfly.extension.microprofile.jwt.smallrye._private] (ServerService Thread Pool -- 63) WFLYJWT0001: Activating WildFly MicroProfile JWT Subsystem
2020-04-15 00:48:30,811 INFO  [org.jboss.as.security] (MSC service thread 1-4) WFLYSEC0001: Current PicketBox version=5.0.3.Final
2020-04-15 00:48:30,843 INFO  [org.wildfly.extension.microprofile.health.smallrye] (ServerService Thread Pool -- 62) WFLYHEALTH0001: Activating Eclipse MicroProfile Health Subsystem
2020-04-15 00:48:30,865 INFO  [org.jboss.remoting] (MSC service thread 1-7) JBoss Remoting version 5.0.17.Final
2020-04-15 00:48:30,904 INFO  [org.jboss.as.webservices] (ServerService Thread Pool -- 76) WFLYWS0002: Activating WebServices Extension
2020-04-15 00:48:30,935 INFO  [org.wildfly.extension.undertow] (MSC service thread 1-1) WFLYUT0003: Undertow 2.0.30.Final starting
2020-04-15 00:48:31,072 INFO  [org.jboss.as.connector.subsystems.datasources] (ServerService Thread Pool -- 44) WFLYJCA0004: Deploying JDBC-compliant driver class org.h2.Driver (version 1.4)
2020-04-15 00:48:31,098 INFO  [org.jboss.as.naming] (MSC service thread 1-8) WFLYNAM0003: Starting Naming Service
2020-04-15 00:48:31,122 INFO  [org.jboss.as.mail.extension] (MSC service thread 1-2) WFLYMAIL0001: Bound mail session [java:jboss/mail/Default]
2020-04-15 00:48:31,128 INFO  [org.jboss.as.connector.deployers.jdbc] (MSC service thread 1-2) WFLYJCA0018: Started Driver service with driver-name = h2
2020-04-15 00:48:31,484 INFO  [org.wildfly.extension.undertow] (ServerService Thread Pool -- 75) WFLYUT0014: Creating file handler for path '/home/junior/intellij-workspace/musicas-ap1/target/wildfly-19.0.0.Final/welcome-content' with options [directory-listing: 'false', follow-symlink: 'false', case-sensitive: 'true', safe-symlink-paths: '[]']
2020-04-15 00:48:31,531 INFO  [org.wildfly.extension.undertow] (MSC service thread 1-5) WFLYUT0012: Started server default-server.
2020-04-15 00:48:31,570 INFO  [org.wildfly.extension.undertow] (MSC service thread 1-5) WFLYUT0018: Host default-host starting
2020-04-15 00:48:31,730 INFO  [org.jboss.as.ejb3] (MSC service thread 1-4) WFLYEJB0482: Strict pool mdb-strict-max-pool is using a max instance size of 16 (per class), which is derived from the number of CPUs on this host.
2020-04-15 00:48:31,730 INFO  [org.jboss.as.ejb3] (MSC service thread 1-8) WFLYEJB0481: Strict pool slsb-strict-max-pool is using a max instance size of 64 (per class), which is derived from thread worker pool sizing.
2020-04-15 00:48:31,994 INFO  [org.wildfly.extension.undertow] (MSC service thread 1-2) WFLYUT0006: Undertow HTTP listener default listening on 127.0.0.1:8080
2020-04-15 00:48:32,836 INFO  [org.jboss.as.ejb3] (MSC service thread 1-4) WFLYEJB0493: EJB subsystem suspension complete
2020-04-15 00:48:33,051 INFO  [org.jboss.as.connector.subsystems.datasources] (MSC service thread 1-3) WFLYJCA0001: Bound data source [java:jboss/datasources/ExampleDS]
2020-04-15 00:48:33,175 INFO  [org.jboss.as.patching] (MSC service thread 1-5) WFLYPAT0050: WildFly Full cumulative patch ID is: base, one-off patches include: none
2020-04-15 00:48:33,259 WARN  [org.jboss.as.domain.management.security] (MSC service thread 1-5) WFLYDM0111: Keystore /home/junior/intellij-workspace/musicas-ap1/target/wildfly-19.0.0.Final/standalone/configuration/application.keystore not found, it will be auto generated on first use with a self signed certificate for host localhost
2020-04-15 00:48:33,315 INFO  [org.jboss.as.server.deployment.scanner] (MSC service thread 1-2) WFLYDS0013: Started FileSystemDeploymentService for directory /home/junior/intellij-workspace/musicas-ap1/target/wildfly-19.0.0.Final/standalone/deployments
2020-04-15 00:48:33,510 INFO  [org.wildfly.extension.undertow] (MSC service thread 1-3) WFLYUT0006: Undertow HTTPS listener https listening on 127.0.0.1:8443
2020-04-15 00:48:33,715 INFO  [org.jboss.ws.common.management] (MSC service thread 1-5) JBWS022052: Starting JBossWS 5.4.1.Final (Apache CXF 3.3.5) 
2020-04-15 00:48:34,195 INFO  [org.jboss.as.server] (Controller Boot Thread) WFLYSRV0212: Resuming server
2020-04-15 00:48:34,215 INFO  [org.jboss.as] (Controller Boot Thread) WFLYSRV0060: Http management interface listening on http://127.0.0.1:9990/management
2020-04-15 00:48:34,220 INFO  [org.jboss.as] (Controller Boot Thread) WFLYSRV0051: Admin console listening on http://127.0.0.1:9990
2020-04-15 00:48:34,234 INFO  [org.jboss.as] (Controller Boot Thread) WFLYSRV0025: WildFly Full 19.0.0.Final (WildFly Core 11.0.0.Final) started in 12148ms - Started 316 of 582 services (374 services are lazy, passive or on-demand)
2020-04-15 00:48:36,448 INFO  [org.jboss.as.repository] (management-handler-thread - 1) WFLYDR0001: Content added at location /home/junior/intellij-workspace/musicas-ap1/target/wildfly-19.0.0.Final/standalone/data/content/4f/ba63ebaabb627267282c7cbf3d1231fb3177fd/content
2020-04-15 00:48:36,506 INFO  [org.jboss.as.server.deployment] (MSC service thread 1-8) WFLYSRV0027: Starting deployment of "musicas.war" (runtime-name: "musicas.war")
2020-04-15 00:48:41,050 WARN  [org.jboss.as.server.deployment] (MSC service thread 1-5) WFLYSRV0059: Class Path entry aesh-terminal-api-1.10.jar in /content/musicas.war/WEB-INF/lib/aesh-readline-1.10.jar  does not point to a valid jar for a Class-Path reference.
2020-04-15 00:48:41,063 WARN  [org.jboss.as.server.deployment] (MSC service thread 1-5) WFLYSRV0059: Class Path entry groovy-2.1.6.jar in /content/musicas.war/WEB-INF/lib/aesh-extensions-1.6.jar  does not point to a valid jar for a Class-Path reference.
2020-04-15 00:48:41,064 WARN  [org.jboss.as.server.deployment] (MSC service thread 1-5) WFLYSRV0059: Class Path entry antlr-2.7.7.jar in /content/musicas.war/WEB-INF/lib/aesh-extensions-1.6.jar  does not point to a valid jar for a Class-Path reference.
2020-04-15 00:48:41,065 WARN  [org.jboss.as.server.deployment] (MSC service thread 1-5) WFLYSRV0059: Class Path entry asm-tree-4.0.jar in /content/musicas.war/WEB-INF/lib/aesh-extensions-1.6.jar  does not point to a valid jar for a Class-Path reference.
2020-04-15 00:48:41,066 WARN  [org.jboss.as.server.deployment] (MSC service thread 1-5) WFLYSRV0059: Class Path entry asm-commons-4.0.jar in /content/musicas.war/WEB-INF/lib/aesh-extensions-1.6.jar  does not point to a valid jar for a Class-Path reference.
2020-04-15 00:48:41,066 WARN  [org.jboss.as.server.deployment] (MSC service thread 1-5) WFLYSRV0059: Class Path entry asm-4.0.jar in /content/musicas.war/WEB-INF/lib/aesh-extensions-1.6.jar  does not point to a valid jar for a Class-Path reference.
2020-04-15 00:48:41,067 WARN  [org.jboss.as.server.deployment] (MSC service thread 1-5) WFLYSRV0059: Class Path entry asm-util-4.0.jar in /content/musicas.war/WEB-INF/lib/aesh-extensions-1.6.jar  does not point to a valid jar for a Class-Path reference.
2020-04-15 00:48:41,068 WARN  [org.jboss.as.server.deployment] (MSC service thread 1-5) WFLYSRV0059: Class Path entry asm-analysis-4.0.jar in /content/musicas.war/WEB-INF/lib/aesh-extensions-1.6.jar  does not point to a valid jar for a Class-Path reference.
2020-04-15 00:48:42,737 INFO  [org.jboss.weld.deployer] (MSC service thread 1-3) WFLYWELD0003: Processing weld deployment musicas.war
2020-04-15 00:48:43,030 INFO  [org.hibernate.validator.internal.util.Version] (MSC service thread 1-3) HV000001: Hibernate Validator 6.0.18.Final
2020-04-15 00:48:44,123 INFO  [io.jaegertracing.internal.JaegerTracer] (MSC service thread 1-3) No shutdown hook registered: Please call close() manually on application shutdown.
2020-04-15 00:48:44,218 INFO  [org.infinispan.factories.GlobalComponentRegistry] (MSC service thread 1-1) ISPN000128: Infinispan version: Infinispan 'Infinity Minus ONE +2' 9.4.18.Final
2020-04-15 00:48:44,941 INFO  [org.jboss.weld.Version] (MSC service thread 1-6) WELD-000900: 3.1.3 (Final)
2020-04-15 00:48:45,494 INFO  [org.jboss.as.clustering.infinispan] (ServerService Thread Pool -- 78) WFLYCLINF0002: Started client-mappings cache from ejb container
2020-04-15 00:48:46,251 INFO  [io.smallrye.metrics] (MSC service thread 1-2) MicroProfile: Metrics activated (SmallRye Metrics version: 2.4.0)
2020-04-15 00:48:46,360 WARN  [org.jboss.weld.Bootstrap] (MSC service thread 1-2) WELD-000146: BeforeBeanDiscovery.addAnnotatedType(AnnotatedType<?>) used for class com.sun.faces.flow.FlowDiscoveryCDIHelper is deprecated from CDI 1.1!
2020-04-15 00:48:48,650 INFO  [javax.enterprise.resource.webcontainer.jsf.config] (ServerService Thread Pool -- 78) Inicializando Mojarra 2.3.9.SP06 para o contexto '/musicas'
2020-04-15 00:48:52,389 INFO  [org.primefaces.webapp.PostConstructApplicationEventListener] (ServerService Thread Pool -- 78) Running on PrimeFaces 7.0
2020-04-15 00:48:52,463 INFO  [org.wildfly.extension.undertow] (ServerService Thread Pool -- 78) WFLYUT0021: Registered web context: '/musicas' for server 'default-server'
2020-04-15 00:48:52,644 INFO  [org.jboss.as.server] (management-handler-thread - 1) WFLYSRV0010: Deployed "musicas.war" (runtime-name : "musicas.war")
2020-04-15 00:50:53,259 INFO  [org.jboss.as.server] (Thread-2) WFLYSRV0272: Suspending server
2020-04-15 00:50:53,264 INFO  [org.jboss.as.ejb3] (Thread-2) WFLYEJB0493: EJB subsystem suspension complete
2020-04-15 00:50:53,268 INFO  [org.jboss.as.server] (Thread-2) WFLYSRV0220: Server shutdown has been requested via an OS signal
2020-04-15 00:50:53,365 INFO  [org.jboss.as.mail.extension] (MSC service thread 1-6) WFLYMAIL0002: Unbound mail session [java:jboss/mail/Default]
2020-04-15 00:50:53,381 INFO  [org.wildfly.extension.undertow] (ServerService Thread Pool -- 38) WFLYUT0022: Unregistered web context: '/musicas' from server 'default-server'
2020-04-15 00:50:53,455 INFO  [org.wildfly.extension.undertow] (MSC service thread 1-6) WFLYUT0019: Host default-host stopping
2020-04-15 00:50:53,529 INFO  [org.jboss.as.clustering.infinispan] (ServerService Thread Pool -- 85) WFLYCLINF0003: Stopped client-mappings cache from ejb container
2020-04-15 00:50:53,548 INFO  [org.jboss.as.connector.subsystems.datasources] (MSC service thread 1-3) WFLYJCA0010: Unbound data source [java:jboss/datasources/ExampleDS]
2020-04-15 00:50:53,601 INFO  [org.jboss.as.connector.deployers.jdbc] (MSC service thread 1-5) WFLYJCA0019: Stopped Driver service with driver-name = h2
2020-04-15 00:50:53,669 INFO  [org.wildfly.extension.undertow] (MSC service thread 1-2) WFLYUT0008: Undertow HTTPS listener https suspending
2020-04-15 00:50:53,676 INFO  [org.wildfly.extension.undertow] (MSC service thread 1-1) WFLYUT0008: Undertow HTTP listener default suspending
2020-04-15 00:50:53,677 INFO  [org.wildfly.extension.undertow] (MSC service thread 1-2) WFLYUT0007: Undertow HTTPS listener https stopped, was bound to 127.0.0.1:8443
2020-04-15 00:50:53,677 INFO  [org.wildfly.extension.undertow] (MSC service thread 1-1) WFLYUT0007: Undertow HTTP listener default stopped, was bound to 127.0.0.1:8080
2020-04-15 00:50:53,691 INFO  [org.wildfly.extension.undertow] (MSC service thread 1-7) WFLYUT0004: Undertow 2.0.30.Final stopping
2020-04-15 00:50:53,831 INFO  [org.jboss.as.server.deployment] (MSC service thread 1-6) WFLYSRV0028: Stopped deployment musicas.war (runtime-name: musicas.war) in 552ms
2020-04-15 00:50:53,860 INFO  [org.jboss.as] (MSC service thread 1-2) WFLYSRV0050: WildFly Full 19.0.0.Final (WildFly Core 11.0.0.Final) stopped in 580ms
